2015-12-04 21:59:09 WARN warn
2015-12-04 21:59:09 DEBUG debug
2015-12-04 21:59:09 ERROR error
	{"d":1}
2015-12-04 21:59:09 ERROR error
	{"d":1}
2015-12-04 21:59:09 WARN warn
2015-12-04 21:59:09 WARN warn
2015-12-04 21:59:09 DEBUG debug
2015-12-04 21:59:09 DEBUG debug
2015-12-04 21:59:09 ERROR error
	{"d":1}
2015-12-04 21:59:09 ERROR error
	{"d":1}
2015-12-04 21:59:09 ERROR error
	{"d":1}
2015-12-04 21:59:09 ERROR error
	{"d":1}
2015-12-04 21:59:09 WARN warn
2015-12-04 21:59:09 DEBUG debug
2015-12-04 21:59:09 ERROR error
	{"d":1}
2015-12-04 21:59:09 ERROR error
	{"d":1}
2015-12-04 21:59:09 WARN warn
2015-12-04 21:59:09 DEBUG debug
2015-12-04 21:59:09 ERROR error
	{"d":1}
2015-12-04 21:59:09 ERROR error
	{"d":1}
2015-12-04 21:59:09 WARN warn
2015-12-04 21:59:09 DEBUG debug
2015-12-04 21:59:09 ERROR error
	{"d":1}
2015-12-04 21:59:09 ERROR error
	{"d":1}
2015-12-04 21:59:09 WARN warn
2015-12-04 21:59:09 DEBUG debug
2015-12-04 21:59:09 ERROR error
	{"d":1}
2015-12-04 21:59:09 ERROR error
	{"d":1}
2015-12-04 21:59:09 WARN warn
2015-12-04 21:59:09 DEBUG debug
2015-12-04 21:59:09 ERROR error
	{"d":1}
2015-12-04 21:59:09 ERROR error
	{"d":1}
2015-12-04 22:08:38 ERROR DSsdasdaasda
2015-12-04 22:08:38 ERROR DSsdasdaasda
2015-12-04 22:08:38 WARN warn
2015-12-04 22:08:38 DEBUG debug
2015-12-04 22:08:38 ERROR error
	{"d":1}
2015-12-04 22:08:38 ERROR error
	{"d":1}
2015-12-04 22:09:02 WARN warn
2015-12-04 22:09:02 DEBUG debug
2015-12-04 22:09:02 ERROR error
	{"d":1}
2015-12-04 22:09:02 ERROR error
	{"d":1}
2015-12-04 22:09:50 WARN warn
2015-12-04 22:09:50 DEBUG debug
2015-12-04 22:09:50 ERROR error
	{"d":1}
2015-12-04 22:09:50 ERROR error
	{"d":1}
2015-12-04 22:10:18 ERROR Module Car has been registered
2015-12-04 22:10:18 WARN warn
2015-12-04 22:10:18 DEBUG debug
2015-12-04 22:10:18 ERROR error
	{"d":1}
2015-12-04 22:10:18 ERROR error
	{"d":1}
2015-12-04 22:10:35 ERROR Module " Car " has been registered
2015-12-04 22:10:35 WARN warn
2015-12-04 22:10:35 DEBUG debug
2015-12-04 22:10:35 ERROR error
	{"d":1}
2015-12-04 22:10:35 ERROR error
	{"d":1}
2015-12-04 22:10:52 ERROR Module "Car" has been registered
2015-12-04 22:10:52 WARN warn
2015-12-04 22:10:52 DEBUG debug
2015-12-04 22:10:52 ERROR error
	{"d":1}
2015-12-04 22:10:52 ERROR error
	{"d":1}
2015-12-04 22:11:08 ERROR Module "Car" has already been registered
2015-12-04 22:11:08 WARN warn
2015-12-04 22:11:08 DEBUG debug
2015-12-04 22:11:08 ERROR error
	{"d":1}
2015-12-04 22:11:08 ERROR error
	{"d":1}
2015-12-04 22:11:51 WARN warn
2015-12-04 22:11:51 DEBUG debug
2015-12-04 22:11:51 ERROR error
	{"d":1}
2015-12-04 22:11:51 ERROR error
	{"d":1}
